[INFO] - [Switch Switch 1] MAC: 0:0:0:0:0:13
[INFO] - [Switch Switch 1] Interface amounts: 3
[INFO] - [Switch Switch 1] Added swp protocol for port 0
[INFO] - [Switch Switch 1] Added swp protocol for port 1
[INFO] - [Switch Switch 1] Added swp protocol for port 2
[INFO] - [Switch Switch 1] Forwarding table:
[INFO] - [Switch Switch 1] 0:0:0:0:0:1 | 0
[INFO] - [Switch Switch 1] 0:0:0:0:0:2 | 2
[INFO] - [Switch Switch 1] 0:0:0:0:0:3 | 2
[INFO] - [Demux Switch 1] Initialized with 3 interfaces
[INFO] - [Multiplexer Switch 1] Multiplexer initialized.
[INFO] - [Switch Switch 2] MAC: 0:0:0:0:0:14
[INFO] - [Switch Switch 2] Interface amounts: 3
[INFO] - [Switch Switch 2] Added swp protocol for port 0
[INFO] - [Switch Switch 2] Added swp protocol for port 1
[INFO] - [Switch Switch 2] Added swp protocol for port 2
[INFO] - [Switch Switch 2] Forwarding table:
[INFO] - [Switch Switch 2] 0:0:0:0:0:1 | 1
[INFO] - [Switch Switch 2] 0:0:0:0:0:2 | 0
[INFO] - [Switch Switch 2] 0:0:0:0:0:3 | 2
[INFO] - [Demux Switch 2] Initialized with 3 interfaces
[INFO] - [Multiplexer Switch 2] Multiplexer initialized.
[INFO] - [Switch Switch 3] MAC: 0:0:0:0:0:15
[INFO] - [Switch Switch 3] Interface amounts: 3
[INFO] - [Switch Switch 3] Added swp protocol for port 0
[INFO] - [Switch Switch 3] Added swp protocol for port 1
[INFO] - [Switch Switch 3] Added swp protocol for port 2
[INFO] - [Switch Switch 3] Forwarding table:
[INFO] - [Switch Switch 3] 0:0:0:0:0:1 | 0
[INFO] - [Switch Switch 3] 0:0:0:0:0:2 | 0
[INFO] - [Switch Switch 3] 0:0:0:0:0:3 | 2
[INFO] - [Demux Switch 3] Initialized with 3 interfaces
[INFO] - [Multiplexer Switch 3] Multiplexer initialized.
[INFO] - [Demux Switch 4] Initialized with 3 interfaces
[INFO] - [Multiplexer Switch 4] Multiplexer initialized.
[INFO] - [Switch Switch 4] MAC: 0:0:0:0:0:16
[INFO] - [Switch Switch 4] Interface amounts: 3
[INFO] - [Switch Switch 4] Added swp protocol for port 0
[INFO] - [Switch Switch 4] Added swp protocol for port 1
[INFO] - [Switch Switch 4] Added swp protocol for port 2
[INFO] - [Switch Switch 4] Forwarding table:
[INFO] - [Switch Switch 4] 0:0:0:0:0:10 | 0
[INFO] - [Switch Switch 4] 0:0:0:0:0:11 | 1
[INFO] - [Switch Switch 4] 0:0:0:0:0:12 | 2
Simulation Initialized
[INFO] - [Switch Switch 1] Bradcast MAC sent throw all interfaces
[INFO] - [Switch Switch 1] send frame for MAC: ff:ff:ff:ff:ff:ff throw interface 2
[INFO] - [Switch Switch 2] Bradcast MAC sent throw all interfaces
[INFO] - [Switch Switch 2] send frame for MAC: ff:ff:ff:ff:ff:ff throw interface 0
[INFO] - [Switch Switch 2] send frame for MAC: ff:ff:ff:ff:ff:ff throw interface 2
[INFO] - [Switch Switch 3] Bradcast MAC sent throw all interfaces
[INFO] - [Switch Switch 3] send frame for MAC: ff:ff:ff:ff:ff:ff throw interface 2
[INFO] - [Switch Switch 2] send frame for MAC: 0:0:0:0:0:1 throw interface 1
[INFO] - [Switch Switch 1] send frame for MAC: 0:0:0:0:0:1 throw interface 0
[INFO] - [Switch Switch 1] send frame for MAC: 0:0:0:0:0:2 throw interface 2
[INFO] - [Switch Switch 2] send frame for MAC: 0:0:0:0:0:2 throw interface 0
[INFO] - [Switch Switch 2] Bradcast MAC sent throw all interfaces
[INFO] - [Switch Switch 2] send frame for MAC: ff:ff:ff:ff:ff:ff throw interface 1
[INFO] - [Switch Switch 2] send frame for MAC: ff:ff:ff:ff:ff:ff throw interface 2
[INFO] - [Switch Switch 1] Bradcast MAC sent throw all interfaces
[INFO] - [Switch Switch 1] send frame for MAC: ff:ff:ff:ff:ff:ff throw interface 0
[INFO] - [Switch Switch 3] Bradcast MAC sent throw all interfaces
[INFO] - [Switch Switch 3] send frame for MAC: ff:ff:ff:ff:ff:ff throw interface 2
[INFO] - [Switch Switch 3] send frame for MAC: 0:0:0:0:0:2 throw interface 0
[INFO] - [Switch Switch 2] send frame for MAC: 0:0:0:0:0:2 throw interface 0
[INFO] - [Switch Switch 2] send frame for MAC: 0:0:0:0:0:3 throw interface 2
[INFO] - [Switch Switch 3] send frame for MAC: 0:0:0:0:0:3 throw interface 2
[INFO] - [Switch Switch 4] Bradcast MAC sent throw all interfaces
[INFO] - [Switch Switch 4] send frame for MAC: ff:ff:ff:ff:ff:ff throw interface 1
[INFO] - [Switch Switch 4] send frame for MAC: ff:ff:ff:ff:ff:ff throw interface 2
[INFO] - [Switch Switch 4] send frame for MAC: 0:0:0:0:0:10 throw interface 0
[INFO] - [Switch Switch 4] send frame for MAC: 0:0:0:0:0:11 throw interface 1
[INFO] - [Switch Switch 4] Bradcast MAC sent throw all interfaces
[INFO] - [Switch Switch 4] send frame for MAC: ff:ff:ff:ff:ff:ff throw interface 0
[INFO] - [Switch Switch 4] send frame for MAC: ff:ff:ff:ff:ff:ff throw interface 2
[INFO] - [Switch Switch 4] send frame for MAC: 0:0:0:0:0:11 throw interface 1
[INFO] - [Switch Switch 4] send frame for MAC: 0:0:0:0:0:10 throw interface 0
[INFO] - [Switch Switch 3] Bradcast MAC sent throw all interfaces
[INFO] - [Switch Switch 3] send frame for MAC: ff:ff:ff:ff:ff:ff throw interface 0
[INFO] - [Switch Switch 2] Bradcast MAC sent throw all interfaces
[INFO] - [Switch Switch 2] send frame for MAC: ff:ff:ff:ff:ff:ff throw interface 0
[INFO] - [Switch Switch 2] send frame for MAC: ff:ff:ff:ff:ff:ff throw interface 1
[INFO] - [Switch Switch 1] Bradcast MAC sent throw all interfaces
[INFO] - [Switch Switch 1] send frame for MAC: ff:ff:ff:ff:ff:ff throw interface 0
[INFO] - [Switch Switch 2] send frame for MAC: 0:0:0:0:0:3 throw interface 2
[INFO] - [Switch Switch 3] send frame for MAC: 0:0:0:0:0:3 throw interface 2
[INFO] - [Switch Switch 3] send frame for MAC: 0:0:0:0:0:2 throw interface 0
[INFO] - [Switch Switch 2] send frame for MAC: 0:0:0:0:0:2 throw interface 0
[INFO] - [Switch Switch 2] Bradcast MAC sent throw all interfaces
[INFO] - [Switch Switch 2] send frame for MAC: ff:ff:ff:ff:ff:ff throw interface 1
[INFO] - [Switch Switch 2] send frame for MAC: ff:ff:ff:ff:ff:ff throw interface 2
[INFO] - [Switch Switch 1] Bradcast MAC sent throw all interfaces
[INFO] - [Switch Switch 1] send frame for MAC: ff:ff:ff:ff:ff:ff throw interface 0
[INFO] - [Switch Switch 3] Bradcast MAC sent throw all interfaces
[INFO] - [Switch Switch 3] send frame for MAC: ff:ff:ff:ff:ff:ff throw interface 2
[INFO] - [Switch Switch 3] send frame for MAC: 0:0:0:0:0:2 throw interface 0
[INFO] - [Switch Switch 2] send frame for MAC: 0:0:0:0:0:2 throw interface 0
[INFO] - [Switch Switch 2] send frame for MAC: 0:0:0:0:0:3 throw interface 2
[INFO] - [Switch Switch 3] send frame for MAC: 0:0:0:0:0:3 throw interface 2
[INFO] - [Switch Switch 4] Bradcast MAC sent throw all interfaces
[INFO] - [Switch Switch 4] send frame for MAC: ff:ff:ff:ff:ff:ff throw interface 1
[INFO] - [Switch Switch 4] send frame for MAC: ff:ff:ff:ff:ff:ff throw interface 2
[INFO] - [Switch Switch 4] send frame for MAC: 0:0:0:0:0:10 throw interface 0
[INFO] - [Switch Switch 4] send frame for MAC: 0:0:0:0:0:12 throw interface 2
[INFO] - [Switch Switch 4] Bradcast MAC sent throw all interfaces
[INFO] - [Switch Switch 4] send frame for MAC: ff:ff:ff:ff:ff:ff throw interface 0
[INFO] - [Switch Switch 4] send frame for MAC: ff:ff:ff:ff:ff:ff throw interface 1
[INFO] - [Switch Switch 4] send frame for MAC: 0:0:0:0:0:12 throw interface 2
[INFO] - [Switch Switch 4] send frame for MAC: 0:0:0:0:0:10 throw interface 0
[INFO] - [Switch Switch 3] Bradcast MAC sent throw all interfaces
[INFO] - [Switch Switch 3] send frame for MAC: ff:ff:ff:ff:ff:ff throw interface 0
[INFO] - [Switch Switch 2] Bradcast MAC sent throw all interfaces
[INFO] - [Switch Switch 2] send frame for MAC: ff:ff:ff:ff:ff:ff throw interface 0
[INFO] - [Switch Switch 2] send frame for MAC: ff:ff:ff:ff:ff:ff throw interface 1
[INFO] - [Switch Switch 1] Bradcast MAC sent throw all interfaces
[INFO] - [Switch Switch 1] send frame for MAC: ff:ff:ff:ff:ff:ff throw interface 0
[INFO] - [Switch Switch 2] send frame for MAC: 0:0:0:0:0:3 throw interface 2
[INFO] - [Switch Switch 3] send frame for MAC: 0:0:0:0:0:3 throw interface 2
[INFO] - [Switch Switch 3] send frame for MAC: 0:0:0:0:0:2 throw interface 0
[INFO] - [Switch Switch 2] send frame for MAC: 0:0:0:0:0:2 throw interface 0
[INFO] - [Switch Switch 2] Bradcast MAC sent throw all interfaces
[INFO] - [Switch Switch 2] send frame for MAC: ff:ff:ff:ff:ff:ff throw interface 1
[INFO] - [Switch Switch 2] send frame for MAC: ff:ff:ff:ff:ff:ff throw interface 2
[INFO] - [Switch Switch 1] Bradcast MAC sent throw all interfaces
[INFO] - [Switch Switch 1] send frame for MAC: ff:ff:ff:ff:ff:ff throw interface 0
[INFO] - [Switch Switch 3] Bradcast MAC sent throw all interfaces
[INFO] - [Switch Switch 3] send frame for MAC: ff:ff:ff:ff:ff:ff throw interface 2
[INFO] - [Switch Switch 3] send frame for MAC: 0:0:0:0:0:2 throw interface 0
[INFO] - [Switch Switch 2] send frame for MAC: 0:0:0:0:0:2 throw interface 0
[INFO] - [Switch Switch 2] send frame for MAC: 0:0:0:0:0:3 throw interface 2
[INFO] - [Switch Switch 3] send frame for MAC: 0:0:0:0:0:3 throw interface 2
[INFO] - [Switch Switch 3] Bradcast MAC sent throw all interfaces
[INFO] - [Switch Switch 3] send frame for MAC: ff:ff:ff:ff:ff:ff throw interface 0
[INFO] - [Switch Switch 2] Bradcast MAC sent throw all interfaces
[INFO] - [Switch Switch 2] send frame for MAC: ff:ff:ff:ff:ff:ff throw interface 0
[INFO] - [Switch Switch 2] send frame for MAC: ff:ff:ff:ff:ff:ff throw interface 1
[INFO] - [Switch Switch 1] Bradcast MAC sent throw all interfaces
[INFO] - [Switch Switch 1] send frame for MAC: ff:ff:ff:ff:ff:ff throw interface 0
[INFO] - [Switch Switch 2] send frame for MAC: 0:0:0:0:0:3 throw interface 2
[INFO] - [Switch Switch 3] send frame for MAC: 0:0:0:0:0:3 throw interface 2
[INFO] - [Switch Switch 3] send frame for MAC: 0:0:0:0:0:2 throw interface 0
[INFO] - [Switch Switch 2] send frame for MAC: 0:0:0:0:0:2 throw interface 0
[INFO] - [Switch Switch 2] Bradcast MAC sent throw all interfaces
[INFO] - [Switch Switch 2] send frame for MAC: ff:ff:ff:ff:ff:ff throw interface 1
[INFO] - [Switch Switch 2] send frame for MAC: ff:ff:ff:ff:ff:ff throw interface 2
[INFO] - [Switch Switch 1] Bradcast MAC sent throw all interfaces
[INFO] - [Switch Switch 1] send frame for MAC: ff:ff:ff:ff:ff:ff throw interface 0
[INFO] - [Switch Switch 3] Bradcast MAC sent throw all interfaces
[INFO] - [Switch Switch 3] send frame for MAC: ff:ff:ff:ff:ff:ff throw interface 2
[INFO] - [Switch Switch 1] send frame for MAC: 0:0:0:0:0:2 throw interface 2
[INFO] - [Switch Switch 2] send frame for MAC: 0:0:0:0:0:2 throw interface 0
[INFO] - [Switch Switch 2] send frame for MAC: 0:0:0:0:0:1 throw interface 1
[INFO] - [Switch Switch 1] send frame for MAC: 0:0:0:0:0:1 throw interface 0
